<?xml version="1.0" encoding="UTF-8"?>
<testsuite name="harvardWeCode.HarvardWeCodeApplicationTests" tests="1" skipped="0" failures="0" errors="0" timestamp="2015-02-05T19:37:34" hostname="MollysMac.local" time="0.001">
  <properties/>
  <testcase name="contextLoads" classname="harvardWeCode.HarvardWeCodeApplicationTests" time="0.001"/>
  <system-out><![CDATA[13:37:33.183 [Test worker] DEBUG o.s.t.c.j.SpringJUnit4ClassRunner - SpringJUnit4ClassRunner constructor called with [class harvardWeCode.HarvardWeCodeApplicationTests].
13:37:33.204 [Test worker] DEBUG o.s.test.context.BootstrapUtils - Instantiating TestContextBootstrapper from class [org.springframework.test.context.support.DefaultTestContextBootstrapper]
13:37:33.220 [Test worker] DEBUG o.s.t.c.s.DefaultTestContextBootstrapper - Found explicit ContextLoader class [org.springframework.boot.test.SpringApplicationContextLoader] for context configuration attributes [ContextConfigurationAttributes@6a80a319 declaringClass = 'harvardWeCode.HarvardWeCodeApplicationTests', classes = '{class harvardWeCode.HarvardWeCodeApplication}', locations = '{}', inheritLocations = true, initializers = '{}', inheritInitializers = true, name = [null], contextLoaderClass = 'org.springframework.boot.test.SpringApplicationContextLoader']
13:37:33.228 [Test worker] DEBUG o.s.t.c.support.ActiveProfilesUtils - Could not find an 'annotation declaring class' for annotation type [org.springframework.test.context.ActiveProfiles] and class [harvardWeCode.HarvardWeCodeApplicationTests]
13:37:33.231 [Test worker] DEBUG o.s.t.c.s.DefaultTestContextBootstrapper - @TestExecutionListeners is not present for class [harvardWeCode.HarvardWeCodeApplicationTests]: using defaults.
13:37:33.239 [Test worker] INFO  o.s.t.c.s.DefaultTestContextBootstrapper - Loaded default TestExecutionListener class names from location [META-INF/spring.factories]: [org.springframework.test.context.web.ServletTestExecutionListener, org.springframework.test.context.support.DependencyInjectionTestExecutionListener, org.springframework.test.context.support.DirtiesContextTestExecutionListener, org.springframework.test.context.transaction.TransactionalTestExecutionListener, org.springframework.test.context.jdbc.SqlScriptsTestExecutionListener]
13:37:33.258 [Test worker] INFO  o.s.t.c.s.DefaultTestContextBootstrapper - Could not instantiate TestExecutionListener [org.springframework.test.context.transaction.TransactionalTestExecutionListener]. Specify custom listener classes or make the default listener classes (and their required dependencies) available. Offending class: [org/springframework/transaction/interceptor/TransactionAttributeSource]
13:37:33.260 [Test worker] INFO  o.s.t.c.s.DefaultTestContextBootstrapper - Could not instantiate TestExecutionListener [org.springframework.test.context.jdbc.SqlScriptsTestExecutionListener]. Specify custom listener classes or make the default listener classes (and their required dependencies) available. Offending class: [org/springframework/transaction/interceptor/TransactionAttribute]
13:37:33.262 [Test worker] INFO  o.s.t.c.s.DefaultTestContextBootstrapper - Using TestExecutionListeners: [org.springframework.test.context.web.ServletTestExecutionListener@44c4af0, org.springframework.test.context.support.DependencyInjectionTestExecutionListener@2003378c, org.springframework.test.context.support.DirtiesContextTestExecutionListener@3d08d3af]
13:37:33.265 [Test worker] DEBUG o.s.t.annotation.ProfileValueUtils - Retrieved @ProfileValueSourceConfiguration [null] for test class [harvardWeCode.HarvardWeCodeApplicationTests]
13:37:33.265 [Test worker] DEBUG o.s.t.annotation.ProfileValueUtils - Retrieved ProfileValueSource type [class org.springframework.test.annotation.SystemProfileValueSource] for class [harvardWeCode.HarvardWeCodeApplicationTests]
13:37:33.269 [Test worker] DEBUG o.s.t.annotation.ProfileValueUtils - Retrieved @ProfileValueSourceConfiguration [null] for test class [harvardWeCode.HarvardWeCodeApplicationTests]
13:37:33.269 [Test worker] DEBUG o.s.t.annotation.ProfileValueUtils - Retrieved ProfileValueSource type [class org.springframework.test.annotation.SystemProfileValueSource] for class [harvardWeCode.HarvardWeCodeApplicationTests]
13:37:33.271 [Test worker] DEBUG o.s.t.annotation.ProfileValueUtils - Retrieved @ProfileValueSourceConfiguration [null] for test class [harvardWeCode.HarvardWeCodeApplicationTests]
13:37:33.271 [Test worker] DEBUG o.s.t.annotation.ProfileValueUtils - Retrieved ProfileValueSource type [class org.springframework.test.annotation.SystemProfileValueSource] for class [harvardWeCode.HarvardWeCodeApplicationTests]
13:37:33.274 [Test worker] DEBUG o.s.t.annotation.ProfileValueUtils - Retrieved @ProfileValueSourceConfiguration [null] for test class [harvardWeCode.HarvardWeCodeApplicationTests]
13:37:33.274 [Test worker] DEBUG o.s.t.annotation.ProfileValueUtils - Retrieved ProfileValueSource type [class org.springframework.test.annotation.SystemProfileValueSource] for class [harvardWeCode.HarvardWeCodeApplicationTests]
13:37:33.276 [Test worker] DEBUG o.s.t.c.s.DependencyInjectionTestExecutionListener - Performing dependency injection for test context [[DefaultTestContext@df39653 testClass = HarvardWeCodeApplicationTests, testInstance = harvardWeCode.HarvardWeCodeApplicationTests@ccb8fb, testMethod = [null], testException = [null], mergedContextConfiguration = [MergedContextConfiguration@75a13d19 testClass = HarvardWeCodeApplicationTests, locations = '{}', classes = '{class harvardWeCode.HarvardWeCodeApplication}', contextInitializerClasses = '[]', activeProfiles = '{}', propertySourceLocations = '{}', propertySourceProperties = '{}', contextLoader = 'org.springframework.boot.test.SpringApplicationContextLoader', parent = [null]]]].
13:37:33.347 [Test worker] DEBUG o.s.core.env.StandardEnvironment - Adding [systemProperties] PropertySource with lowest search precedence
13:37:33.349 [Test worker] DEBUG o.s.core.env.StandardEnvironment - Adding [systemEnvironment] PropertySource with lowest search precedence
13:37:33.349 [Test worker] DEBUG o.s.core.env.StandardEnvironment - Initialized StandardEnvironment with PropertySources [systemProperties,systemEnvironment]
13:37:33.350 [Test worker] DEBUG o.s.core.env.StandardEnvironment - Adding [integrationTest] PropertySource with search precedence immediately lower than [systemEnvironment]

  .   ____          _            __ _ _
 /\\ / ___'_ __ _ _(_)_ __  __ _ \ \ \ \
( ( )\___ | '_ | '_| | '_ \/ _` | \ \ \ \
 \\/  ___)| |_)| | | | | || (_| |  ) ) ) )
  '  |____| .__|_| |_|_| |_\__, | / / / /
 =========|_|==============|___/=/_/_/_/
 :: Spring Boot ::        (v1.2.1.RELEASE)

2015-02-05 13:37:33.562  INFO 19631 --- [    Test worker] o.s.boot.SpringApplication               : Starting application on MollysMac.local with PID 19631 (/Users/thoughtworker/.gradle/caches/modules-2/files-2.1/org.springframework.boot/spring-boot/1.2.1.RELEASE/efe81809343f4fca576ea872eb6a269599ebb1d0/spring-boot-1.2.1.RELEASE.jar started by thoughtworker in /Users/thoughtworker/Documents/work/notWork/harvard_we_code_workshop)
2015-02-05 13:37:33.610  INFO 19631 --- [    Test worker] s.c.a.AnnotationConfigApplicationContext : Refreshing org.springframework.context.annotation.AnnotationConfigApplicationContext@72bd7663: startup date [Thu Feb 05 13:37:33 CST 2015]; root of context hierarchy
2015-02-05 13:37:34.924  INFO 19631 --- [    Test worker] o.s.boot.SpringApplication               : Started application in 1.571 seconds (JVM running for 2.564)
]]></system-out>
  <system-err><![CDATA[]]></system-err>
</testsuite>
