<?xml version="1.0" encoding="UTF-8"?>
<testsuite name="harvardWeCode.StudentControllerTest" tests="1" skipped="0" failures="0" errors="0" timestamp="2015-02-05T01:15:51" hostname="MollysMac.local" time="0.252">
  <properties/>
  <testcase name="shouldReturnAMap" classname="harvardWeCode.StudentControllerTest" time="0.252"/>
  <system-out><![CDATA[]]></system-out>
  <system-err><![CDATA[]]></system-err>
</testsuite>
