<?xml version="1.0" encoding="UTF-8"?>
<testsuite name="harvardWeCode.HarvardWeCodeApplicationTests" tests="1" skipped="0" failures="0" errors="0" timestamp="2015-02-05T01:15:51" hostname="MollysMac.local" time="0.003">
  <properties/>
  <testcase name="contextLoads" classname="harvardWeCode.HarvardWeCodeApplicationTests" time="0.003"/>
  <system-out><![CDATA[19:15:48.964 [Test worker] DEBUG o.s.t.c.j.SpringJUnit4ClassRunner - SpringJUnit4ClassRunner constructor called with [class harvardWeCode.HarvardWeCodeApplicationTests].
19:15:48.984 [Test worker] DEBUG o.s.test.context.BootstrapUtils - Instantiating TestContextBootstrapper from class [org.springframework.test.context.support.DefaultTestContextBootstrapper]
19:15:49.002 [Test worker] DEBUG o.s.t.c.s.DefaultTestContextBootstrapper - Found explicit ContextLoader class [org.springframework.boot.test.SpringApplicationContextLoader] for context configuration attributes [ContextConfigurationAttributes@c4005ce declaringClass = 'harvardWeCode.HarvardWeCodeApplicationTests', classes = '{class harvardWeCode.HarvardWeCodeApplication}', locations = '{}', inheritLocations = true, initializers = '{}', inheritInitializers = true, name = [null], contextLoaderClass = 'org.springframework.boot.test.SpringApplicationContextLoader']
19:15:49.009 [Test worker] DEBUG o.s.t.c.support.ActiveProfilesUtils - Could not find an 'annotation declaring class' for annotation type [org.springframework.test.context.ActiveProfiles] and class [harvardWeCode.HarvardWeCodeApplicationTests]
19:15:49.013 [Test worker] DEBUG o.s.t.c.s.DefaultTestContextBootstrapper - @TestExecutionListeners is not present for class [harvardWeCode.HarvardWeCodeApplicationTests]: using defaults.
19:15:49.023 [Test worker] INFO  o.s.t.c.s.DefaultTestContextBootstrapper - Loaded default TestExecutionListener class names from location [META-INF/spring.factories]: [org.springframework.test.context.web.ServletTestExecutionListener, org.springframework.test.context.support.DependencyInjectionTestExecutionListener, org.springframework.test.context.support.DirtiesContextTestExecutionListener, org.springframework.test.context.transaction.TransactionalTestExecutionListener, org.springframework.test.context.jdbc.SqlScriptsTestExecutionListener]
19:15:49.034 [Test worker] INFO  o.s.t.c.s.DefaultTestContextBootstrapper - Could not instantiate TestExecutionListener [org.springframework.test.context.transaction.TransactionalTestExecutionListener]. Specify custom listener classes or make the default listener classes (and their required dependencies) available. Offending class: [org/springframework/transaction/interceptor/TransactionAttributeSource]
19:15:49.035 [Test worker] INFO  o.s.t.c.s.DefaultTestContextBootstrapper - Could not instantiate TestExecutionListener [org.springframework.test.context.jdbc.SqlScriptsTestExecutionListener]. Specify custom listener classes or make the default listener classes (and their required dependencies) available. Offending class: [org/springframework/transaction/interceptor/TransactionAttribute]
19:15:49.038 [Test worker] INFO  o.s.t.c.s.DefaultTestContextBootstrapper - Using TestExecutionListeners: [org.springframework.test.context.web.ServletTestExecutionListener@2760fba3, org.springframework.test.context.support.DependencyInjectionTestExecutionListener@a08a180, org.springframework.test.context.support.DirtiesContextTestExecutionListener@746dc709]
19:15:49.041 [Test worker] DEBUG o.s.t.annotation.ProfileValueUtils - Retrieved @ProfileValueSourceConfiguration [null] for test class [harvardWeCode.HarvardWeCodeApplicationTests]
19:15:49.042 [Test worker] DEBUG o.s.t.annotation.ProfileValueUtils - Retrieved ProfileValueSource type [class org.springframework.test.annotation.SystemProfileValueSource] for class [harvardWeCode.HarvardWeCodeApplicationTests]
19:15:49.045 [Test worker] DEBUG o.s.t.annotation.ProfileValueUtils - Retrieved @ProfileValueSourceConfiguration [null] for test class [harvardWeCode.HarvardWeCodeApplicationTests]
19:15:49.045 [Test worker] DEBUG o.s.t.annotation.ProfileValueUtils - Retrieved ProfileValueSource type [class org.springframework.test.annotation.SystemProfileValueSource] for class [harvardWeCode.HarvardWeCodeApplicationTests]
19:15:49.046 [Test worker] DEBUG o.s.t.annotation.ProfileValueUtils - Retrieved @ProfileValueSourceConfiguration [null] for test class [harvardWeCode.HarvardWeCodeApplicationTests]
19:15:49.047 [Test worker] DEBUG o.s.t.annotation.ProfileValueUtils - Retrieved ProfileValueSource type [class org.springframework.test.annotation.SystemProfileValueSource] for class [harvardWeCode.HarvardWeCodeApplicationTests]
19:15:49.049 [Test worker] DEBUG o.s.t.annotation.ProfileValueUtils - Retrieved @ProfileValueSourceConfiguration [null] for test class [harvardWeCode.HarvardWeCodeApplicationTests]
19:15:49.049 [Test worker] DEBUG o.s.t.annotation.ProfileValueUtils - Retrieved ProfileValueSource type [class org.springframework.test.annotation.SystemProfileValueSource] for class [harvardWeCode.HarvardWeCodeApplicationTests]
19:15:49.053 [Test worker] DEBUG o.s.t.c.s.DependencyInjectionTestExecutionListener - Performing dependency injection for test context [[DefaultTestContext@4a9bb3a7 testClass = HarvardWeCodeApplicationTests, testInstance = harvardWeCode.HarvardWeCodeApplicationTests@1f7edf8d, testMethod = [null], testException = [null], mergedContextConfiguration = [MergedContextConfiguration@2ec96213 testClass = HarvardWeCodeApplicationTests, locations = '{}', classes = '{class harvardWeCode.HarvardWeCodeApplication}', contextInitializerClasses = '[]', activeProfiles = '{}', propertySourceLocations = '{}', propertySourceProperties = '{}', contextLoader = 'org.springframework.boot.test.SpringApplicationContextLoader', parent = [null]]]].
19:15:49.136 [Test worker] DEBUG o.s.core.env.StandardEnvironment - Adding [systemProperties] PropertySource with lowest search precedence
19:15:49.138 [Test worker] DEBUG o.s.core.env.StandardEnvironment - Adding [systemEnvironment] PropertySource with lowest search precedence
19:15:49.138 [Test worker] DEBUG o.s.core.env.StandardEnvironment - Initialized StandardEnvironment with PropertySources [systemProperties,systemEnvironment]
19:15:49.140 [Test worker] DEBUG o.s.core.env.StandardEnvironment - Adding [integrationTest] PropertySource with search precedence immediately lower than [systemEnvironment]

  .   ____          _            __ _ _
 /\\ / ___'_ __ _ _(_)_ __  __ _ \ \ \ \
( ( )\___ | '_ | '_| | '_ \/ _` | \ \ \ \
 \\/  ___)| |_)| | | | | || (_| |  ) ) ) )
  '  |____| .__|_| |_|_| |_\__, | / / / /
 =========|_|==============|___/=/_/_/_/
 :: Spring Boot ::        (v1.2.1.RELEASE)

2015-02-04 19:15:49.425  INFO 14501 --- [    Test worker] o.s.boot.SpringApplication               : Starting application on MollysMac.local with PID 14501 (/Users/thoughtworker/.gradle/caches/modules-2/files-2.1/org.springframework.boot/spring-boot/1.2.1.RELEASE/efe81809343f4fca576ea872eb6a269599ebb1d0/spring-boot-1.2.1.RELEASE.jar started by thoughtworker in /Users/thoughtworker/Documents/work/notWork/harvard_we_code_workshop)
2015-02-04 19:15:49.481  INFO 14501 --- [    Test worker] s.c.a.AnnotationConfigApplicationContext : Refreshing org.springframework.context.annotation.AnnotationConfigApplicationContext@2af4d9de: startup date [Wed Feb 04 19:15:49 CST 2015]; root of context hierarchy
2015-02-04 19:15:51.011  INFO 14501 --- [    Test worker] o.s.boot.SpringApplication               : Started application in 1.868 seconds (JVM running for 2.888)
]]></system-out>
  <system-err><![CDATA[]]></system-err>
</testsuite>
