<?xml version="1.0" encoding="UTF-8"?>
<testsuite name="harvardWeCode.HarvardWeCodeApplicationTests" tests="1" skipped="0" failures="0" errors="0" timestamp="2015-02-04T15:03:11" hostname="MollysMac.local" time="0.002">
  <properties/>
  <testcase name="contextLoads" classname="harvardWeCode.HarvardWeCodeApplicationTests" time="0.002"/>
  <system-out><![CDATA[09:03:09.341 [Test worker] DEBUG o.s.t.c.j.SpringJUnit4ClassRunner - SpringJUnit4ClassRunner constructor called with [class harvardWeCode.HarvardWeCodeApplicationTests].
09:03:09.360 [Test worker] DEBUG o.s.test.context.BootstrapUtils - Instantiating TestContextBootstrapper from class [org.springframework.test.context.support.DefaultTestContextBootstrapper]
09:03:09.373 [Test worker] DEBUG o.s.t.c.s.DefaultTestContextBootstrapper - Found explicit ContextLoader class [org.springframework.boot.test.SpringApplicationContextLoader] for context configuration attributes [ContextConfigurationAttributes@1a0f4fd2 declaringClass = 'harvardWeCode.HarvardWeCodeApplicationTests', classes = '{class harvardWeCode.HarvardWeCodeApplication}', locations = '{}', inheritLocations = true, initializers = '{}', inheritInitializers = true, name = [null], contextLoaderClass = 'org.springframework.boot.test.SpringApplicationContextLoader']
09:03:09.379 [Test worker] DEBUG o.s.t.c.support.ActiveProfilesUtils - Could not find an 'annotation declaring class' for annotation type [org.springframework.test.context.ActiveProfiles] and class [harvardWeCode.HarvardWeCodeApplicationTests]
09:03:09.382 [Test worker] DEBUG o.s.t.c.s.DefaultTestContextBootstrapper - @TestExecutionListeners is not present for class [harvardWeCode.HarvardWeCodeApplicationTests]: using defaults.
09:03:09.393 [Test worker] INFO  o.s.t.c.s.DefaultTestContextBootstrapper - Loaded default TestExecutionListener class names from location [META-INF/spring.factories]: [org.springframework.test.context.web.ServletTestExecutionListener, org.springframework.test.context.support.DependencyInjectionTestExecutionListener, org.springframework.test.context.support.DirtiesContextTestExecutionListener, org.springframework.test.context.transaction.TransactionalTestExecutionListener, org.springframework.test.context.jdbc.SqlScriptsTestExecutionListener]
09:03:09.404 [Test worker] INFO  o.s.t.c.s.DefaultTestContextBootstrapper - Could not instantiate TestExecutionListener [org.springframework.test.context.transaction.TransactionalTestExecutionListener]. Specify custom listener classes or make the default listener classes (and their required dependencies) available. Offending class: [org/springframework/transaction/interceptor/TransactionAttributeSource]
09:03:09.405 [Test worker] INFO  o.s.t.c.s.DefaultTestContextBootstrapper - Could not instantiate TestExecutionListener [org.springframework.test.context.jdbc.SqlScriptsTestExecutionListener]. Specify custom listener classes or make the default listener classes (and their required dependencies) available. Offending class: [org/springframework/transaction/interceptor/TransactionAttribute]
09:03:09.408 [Test worker] INFO  o.s.t.c.s.DefaultTestContextBootstrapper - Using TestExecutionListeners: [org.springframework.test.context.web.ServletTestExecutionListener@44baaeed, org.springframework.test.context.support.DependencyInjectionTestExecutionListener@3e91de8e, org.springframework.test.context.support.DirtiesContextTestExecutionListener@342de114]
09:03:09.411 [Test worker] DEBUG o.s.t.annotation.ProfileValueUtils - Retrieved @ProfileValueSourceConfiguration [null] for test class [harvardWeCode.HarvardWeCodeApplicationTests]
09:03:09.412 [Test worker] DEBUG o.s.t.annotation.ProfileValueUtils - Retrieved ProfileValueSource type [class org.springframework.test.annotation.SystemProfileValueSource] for class [harvardWeCode.HarvardWeCodeApplicationTests]
09:03:09.416 [Test worker] DEBUG o.s.t.annotation.ProfileValueUtils - Retrieved @ProfileValueSourceConfiguration [null] for test class [harvardWeCode.HarvardWeCodeApplicationTests]
09:03:09.416 [Test worker] DEBUG o.s.t.annotation.ProfileValueUtils - Retrieved ProfileValueSource type [class org.springframework.test.annotation.SystemProfileValueSource] for class [harvardWeCode.HarvardWeCodeApplicationTests]
09:03:09.417 [Test worker] DEBUG o.s.t.annotation.ProfileValueUtils - Retrieved @ProfileValueSourceConfiguration [null] for test class [harvardWeCode.HarvardWeCodeApplicationTests]
09:03:09.418 [Test worker] DEBUG o.s.t.annotation.ProfileValueUtils - Retrieved ProfileValueSource type [class org.springframework.test.annotation.SystemProfileValueSource] for class [harvardWeCode.HarvardWeCodeApplicationTests]
09:03:09.422 [Test worker] DEBUG o.s.t.annotation.ProfileValueUtils - Retrieved @ProfileValueSourceConfiguration [null] for test class [harvardWeCode.HarvardWeCodeApplicationTests]
09:03:09.422 [Test worker] DEBUG o.s.t.annotation.ProfileValueUtils - Retrieved ProfileValueSource type [class org.springframework.test.annotation.SystemProfileValueSource] for class [harvardWeCode.HarvardWeCodeApplicationTests]
09:03:09.429 [Test worker] DEBUG o.s.t.c.s.DependencyInjectionTestExecutionListener - Performing dependency injection for test context [[DefaultTestContext@5bf79665 testClass = HarvardWeCodeApplicationTests, testInstance = harvardWeCode.HarvardWeCodeApplicationTests@6fba5665, testMethod = [null], testException = [null], mergedContextConfiguration = [MergedContextConfiguration@7e6c39eb testClass = HarvardWeCodeApplicationTests, locations = '{}', classes = '{class harvardWeCode.HarvardWeCodeApplication}', contextInitializerClasses = '[]', activeProfiles = '{}', propertySourceLocations = '{}', propertySourceProperties = '{}', contextLoader = 'org.springframework.boot.test.SpringApplicationContextLoader', parent = [null]]]].
09:03:09.515 [Test worker] DEBUG o.s.core.env.StandardEnvironment - Adding [systemProperties] PropertySource with lowest search precedence
09:03:09.517 [Test worker] DEBUG o.s.core.env.StandardEnvironment - Adding [systemEnvironment] PropertySource with lowest search precedence
09:03:09.517 [Test worker] DEBUG o.s.core.env.StandardEnvironment - Initialized StandardEnvironment with PropertySources [systemProperties,systemEnvironment]
09:03:09.519 [Test worker] DEBUG o.s.core.env.StandardEnvironment - Adding [integrationTest] PropertySource with search precedence immediately lower than [systemEnvironment]

  .   ____          _            __ _ _
 /\\ / ___'_ __ _ _(_)_ __  __ _ \ \ \ \
( ( )\___ | '_ | '_| | '_ \/ _` | \ \ \ \
 \\/  ___)| |_)| | | | | || (_| |  ) ) ) )
  '  |____| .__|_| |_|_| |_\__, | / / / /
 =========|_|==============|___/=/_/_/_/
 :: Spring Boot ::        (v1.2.1.RELEASE)

2015-02-04 09:03:09.762  INFO 12666 --- [    Test worker] o.s.boot.SpringApplication               : Starting application on MollysMac.local with PID 12666 (/Users/thoughtworker/.gradle/caches/modules-2/files-2.1/org.springframework.boot/spring-boot/1.2.1.RELEASE/efe81809343f4fca576ea872eb6a269599ebb1d0/spring-boot-1.2.1.RELEASE.jar started by thoughtworker in /Users/thoughtworker/Documents/work/notWork/harvard_we_code_workshop)
2015-02-04 09:03:09.805  INFO 12666 --- [    Test worker] s.c.a.AnnotationConfigApplicationContext : Refreshing org.springframework.context.annotation.AnnotationConfigApplicationContext@5dffc928: startup date [Wed Feb 04 09:03:09 CST 2015]; root of context hierarchy
2015-02-04 09:03:11.042  INFO 12666 --- [    Test worker] o.s.boot.SpringApplication               : Started application in 1.52 seconds (JVM running for 2.495)
]]></system-out>
  <system-err><![CDATA[]]></system-err>
</testsuite>
