<?xml version="1.0" encoding="UTF-8"?>
<testsuite name="harvardWeCode.HarvardWeCodeApplicationTests" tests="1" skipped="0" failures="0" errors="0" timestamp="2015-02-04T04:16:09" hostname="MollysMac.local" time="0.001">
  <properties/>
  <testcase name="contextLoads" classname="harvardWeCode.HarvardWeCodeApplicationTests" time="0.001"/>
  <system-out><![CDATA[22:16:07.785 [Test worker] DEBUG o.s.t.c.j.SpringJUnit4ClassRunner - SpringJUnit4ClassRunner constructor called with [class harvardWeCode.HarvardWeCodeApplicationTests].
22:16:07.806 [Test worker] DEBUG o.s.test.context.BootstrapUtils - Instantiating TestContextBootstrapper from class [org.springframework.test.context.support.DefaultTestContextBootstrapper]
22:16:07.823 [Test worker] DEBUG o.s.t.c.s.DefaultTestContextBootstrapper - Found explicit ContextLoader class [org.springframework.boot.test.SpringApplicationContextLoader] for context configuration attributes [ContextConfigurationAttributes@85a53d2 declaringClass = 'harvardWeCode.HarvardWeCodeApplicationTests', classes = '{class harvardWeCode.HarvardWeCodeApplication}', locations = '{}', inheritLocations = true, initializers = '{}', inheritInitializers = true, name = [null], contextLoaderClass = 'org.springframework.boot.test.SpringApplicationContextLoader']
22:16:07.832 [Test worker] DEBUG o.s.t.c.support.ActiveProfilesUtils - Could not find an 'annotation declaring class' for annotation type [org.springframework.test.context.ActiveProfiles] and class [harvardWeCode.HarvardWeCodeApplicationTests]
22:16:07.836 [Test worker] DEBUG o.s.t.c.s.DefaultTestContextBootstrapper - @TestExecutionListeners is not present for class [harvardWeCode.HarvardWeCodeApplicationTests]: using defaults.
22:16:07.844 [Test worker] INFO  o.s.t.c.s.DefaultTestContextBootstrapper - Loaded default TestExecutionListener class names from location [META-INF/spring.factories]: [org.springframework.test.context.web.ServletTestExecutionListener, org.springframework.test.context.support.DependencyInjectionTestExecutionListener, org.springframework.test.context.support.DirtiesContextTestExecutionListener, org.springframework.test.context.transaction.TransactionalTestExecutionListener, org.springframework.test.context.jdbc.SqlScriptsTestExecutionListener]
22:16:07.858 [Test worker] INFO  o.s.t.c.s.DefaultTestContextBootstrapper - Could not instantiate TestExecutionListener [org.springframework.test.context.jdbc.SqlScriptsTestExecutionListener]. Specify custom listener classes or make the default listener classes (and their required dependencies) available. Offending class: [org/springframework/transaction/interceptor/TransactionAttribute]
22:16:07.858 [Test worker] INFO  o.s.t.c.s.DefaultTestContextBootstrapper - Could not instantiate TestExecutionListener [org.springframework.test.context.transaction.TransactionalTestExecutionListener]. Specify custom listener classes or make the default listener classes (and their required dependencies) available. Offending class: [org/springframework/transaction/interceptor/TransactionAttributeSource]
22:16:07.861 [Test worker] INFO  o.s.t.c.s.DefaultTestContextBootstrapper - Using TestExecutionListeners: [org.springframework.test.context.web.ServletTestExecutionListener@4661b570, org.springframework.test.context.support.DependencyInjectionTestExecutionListener@3ce40176, org.springframework.test.context.support.DirtiesContextTestExecutionListener@6cb8d10c]
22:16:07.864 [Test worker] DEBUG o.s.t.annotation.ProfileValueUtils - Retrieved @ProfileValueSourceConfiguration [null] for test class [harvardWeCode.HarvardWeCodeApplicationTests]
22:16:07.865 [Test worker] DEBUG o.s.t.annotation.ProfileValueUtils - Retrieved ProfileValueSource type [class org.springframework.test.annotation.SystemProfileValueSource] for class [harvardWeCode.HarvardWeCodeApplicationTests]
22:16:07.869 [Test worker] DEBUG o.s.t.annotation.ProfileValueUtils - Retrieved @ProfileValueSourceConfiguration [null] for test class [harvardWeCode.HarvardWeCodeApplicationTests]
22:16:07.869 [Test worker] DEBUG o.s.t.annotation.ProfileValueUtils - Retrieved ProfileValueSource type [class org.springframework.test.annotation.SystemProfileValueSource] for class [harvardWeCode.HarvardWeCodeApplicationTests]
22:16:07.870 [Test worker] DEBUG o.s.t.annotation.ProfileValueUtils - Retrieved @ProfileValueSourceConfiguration [null] for test class [harvardWeCode.HarvardWeCodeApplicationTests]
22:16:07.871 [Test worker] DEBUG o.s.t.annotation.ProfileValueUtils - Retrieved ProfileValueSource type [class org.springframework.test.annotation.SystemProfileValueSource] for class [harvardWeCode.HarvardWeCodeApplicationTests]
22:16:07.873 [Test worker] DEBUG o.s.t.annotation.ProfileValueUtils - Retrieved @ProfileValueSourceConfiguration [null] for test class [harvardWeCode.HarvardWeCodeApplicationTests]
22:16:07.873 [Test worker] DEBUG o.s.t.annotation.ProfileValueUtils - Retrieved ProfileValueSource type [class org.springframework.test.annotation.SystemProfileValueSource] for class [harvardWeCode.HarvardWeCodeApplicationTests]
22:16:07.876 [Test worker] DEBUG o.s.t.c.s.DependencyInjectionTestExecutionListener - Performing dependency injection for test context [[DefaultTestContext@1ac2631f testClass = HarvardWeCodeApplicationTests, testInstance = harvardWeCode.HarvardWeCodeApplicationTests@bc1fb60, testMethod = [null], testException = [null], mergedContextConfiguration = [MergedContextConfiguration@7749c12e testClass = HarvardWeCodeApplicationTests, locations = '{}', classes = '{class harvardWeCode.HarvardWeCodeApplication}', contextInitializerClasses = '[]', activeProfiles = '{}', propertySourceLocations = '{}', propertySourceProperties = '{}', contextLoader = 'org.springframework.boot.test.SpringApplicationContextLoader', parent = [null]]]].
22:16:07.970 [Test worker] DEBUG o.s.core.env.StandardEnvironment - Adding [systemProperties] PropertySource with lowest search precedence
22:16:07.973 [Test worker] DEBUG o.s.core.env.StandardEnvironment - Adding [systemEnvironment] PropertySource with lowest search precedence
22:16:07.973 [Test worker] DEBUG o.s.core.env.StandardEnvironment - Initialized StandardEnvironment with PropertySources [systemProperties,systemEnvironment]
22:16:07.975 [Test worker] DEBUG o.s.core.env.StandardEnvironment - Adding [integrationTest] PropertySource with search precedence immediately lower than [systemEnvironment]

  .   ____          _            __ _ _
 /\\ / ___'_ __ _ _(_)_ __  __ _ \ \ \ \
( ( )\___ | '_ | '_| | '_ \/ _` | \ \ \ \
 \\/  ___)| |_)| | | | | || (_| |  ) ) ) )
  '  |____| .__|_| |_|_| |_\__, | / / / /
 =========|_|==============|___/=/_/_/_/
 :: Spring Boot ::        (v1.2.1.RELEASE)

2015-02-03 22:16:08.188  INFO 11500 --- [    Test worker] o.s.boot.SpringApplication               : Starting application on MollysMac.local with PID 11500 (/Users/thoughtworker/.gradle/caches/modules-2/files-2.1/org.springframework.boot/spring-boot/1.2.1.RELEASE/efe81809343f4fca576ea872eb6a269599ebb1d0/spring-boot-1.2.1.RELEASE.jar started by thoughtworker in /Users/thoughtworker/Documents/work/notWork/harvard_we_code_workshop)
2015-02-03 22:16:08.231  INFO 11500 --- [    Test worker] s.c.a.AnnotationConfigApplicationContext : Refreshing org.springframework.context.annotation.AnnotationConfigApplicationContext@63d36de1: startup date [Tue Feb 03 22:16:08 CST 2015]; root of context hierarchy
2015-02-03 22:16:09.408  INFO 11500 --- [    Test worker] o.s.boot.SpringApplication               : Started application in 1.43 seconds (JVM running for 2.571)
]]></system-out>
  <system-err><![CDATA[]]></system-err>
</testsuite>
