<?xml version="1.0" encoding="UTF-8"?>
<testsuite name="harvardWeCode.HarvardWeCodeApplicationTests" tests="1" skipped="0" failures="0" errors="0" timestamp="2015-02-05T19:29:57" hostname="MollysMac.local" time="0.002">
  <properties/>
  <testcase name="contextLoads" classname="harvardWeCode.HarvardWeCodeApplicationTests" time="0.002"/>
  <system-out><![CDATA[13:29:55.689 [Test worker] DEBUG o.s.t.c.j.SpringJUnit4ClassRunner - SpringJUnit4ClassRunner constructor called with [class harvardWeCode.HarvardWeCodeApplicationTests].
13:29:55.709 [Test worker] DEBUG o.s.test.context.BootstrapUtils - Instantiating TestContextBootstrapper from class [org.springframework.test.context.support.DefaultTestContextBootstrapper]
13:29:55.722 [Test worker] DEBUG o.s.t.c.s.DefaultTestContextBootstrapper - Found explicit ContextLoader class [org.springframework.boot.test.SpringApplicationContextLoader] for context configuration attributes [ContextConfigurationAttributes@9b78124 declaringClass = 'harvardWeCode.HarvardWeCodeApplicationTests', classes = '{class harvardWeCode.HarvardWeCodeApplication}', locations = '{}', inheritLocations = true, initializers = '{}', inheritInitializers = true, name = [null], contextLoaderClass = 'org.springframework.boot.test.SpringApplicationContextLoader']
13:29:55.728 [Test worker] DEBUG o.s.t.c.support.ActiveProfilesUtils - Could not find an 'annotation declaring class' for annotation type [org.springframework.test.context.ActiveProfiles] and class [harvardWeCode.HarvardWeCodeApplicationTests]
13:29:55.731 [Test worker] DEBUG o.s.t.c.s.DefaultTestContextBootstrapper - @TestExecutionListeners is not present for class [harvardWeCode.HarvardWeCodeApplicationTests]: using defaults.
13:29:55.739 [Test worker] INFO  o.s.t.c.s.DefaultTestContextBootstrapper - Loaded default TestExecutionListener class names from location [META-INF/spring.factories]: [org.springframework.test.context.web.ServletTestExecutionListener, org.springframework.test.context.support.DependencyInjectionTestExecutionListener, org.springframework.test.context.support.DirtiesContextTestExecutionListener, org.springframework.test.context.transaction.TransactionalTestExecutionListener, org.springframework.test.context.jdbc.SqlScriptsTestExecutionListener]
13:29:55.749 [Test worker] INFO  o.s.t.c.s.DefaultTestContextBootstrapper - Could not instantiate TestExecutionListener [org.springframework.test.context.transaction.TransactionalTestExecutionListener]. Specify custom listener classes or make the default listener classes (and their required dependencies) available. Offending class: [org/springframework/transaction/interceptor/TransactionAttributeSource]
13:29:55.750 [Test worker] INFO  o.s.t.c.s.DefaultTestContextBootstrapper - Could not instantiate TestExecutionListener [org.springframework.test.context.jdbc.SqlScriptsTestExecutionListener]. Specify custom listener classes or make the default listener classes (and their required dependencies) available. Offending class: [org/springframework/transaction/interceptor/TransactionAttribute]
13:29:55.752 [Test worker] INFO  o.s.t.c.s.DefaultTestContextBootstrapper - Using TestExecutionListeners: [org.springframework.test.context.web.ServletTestExecutionListener@6a104db0, org.springframework.test.context.support.DependencyInjectionTestExecutionListener@2a0fd469, org.springframework.test.context.support.DirtiesContextTestExecutionListener@178a42a9]
13:29:55.755 [Test worker] DEBUG o.s.t.annotation.ProfileValueUtils - Retrieved @ProfileValueSourceConfiguration [null] for test class [harvardWeCode.HarvardWeCodeApplicationTests]
13:29:55.755 [Test worker] DEBUG o.s.t.annotation.ProfileValueUtils - Retrieved ProfileValueSource type [class org.springframework.test.annotation.SystemProfileValueSource] for class [harvardWeCode.HarvardWeCodeApplicationTests]
13:29:55.758 [Test worker] DEBUG o.s.t.annotation.ProfileValueUtils - Retrieved @ProfileValueSourceConfiguration [null] for test class [harvardWeCode.HarvardWeCodeApplicationTests]
13:29:55.758 [Test worker] DEBUG o.s.t.annotation.ProfileValueUtils - Retrieved ProfileValueSource type [class org.springframework.test.annotation.SystemProfileValueSource] for class [harvardWeCode.HarvardWeCodeApplicationTests]
13:29:55.759 [Test worker] DEBUG o.s.t.annotation.ProfileValueUtils - Retrieved @ProfileValueSourceConfiguration [null] for test class [harvardWeCode.HarvardWeCodeApplicationTests]
13:29:55.759 [Test worker] DEBUG o.s.t.annotation.ProfileValueUtils - Retrieved ProfileValueSource type [class org.springframework.test.annotation.SystemProfileValueSource] for class [harvardWeCode.HarvardWeCodeApplicationTests]
13:29:55.761 [Test worker] DEBUG o.s.t.annotation.ProfileValueUtils - Retrieved @ProfileValueSourceConfiguration [null] for test class [harvardWeCode.HarvardWeCodeApplicationTests]
13:29:55.761 [Test worker] DEBUG o.s.t.annotation.ProfileValueUtils - Retrieved ProfileValueSource type [class org.springframework.test.annotation.SystemProfileValueSource] for class [harvardWeCode.HarvardWeCodeApplicationTests]
13:29:55.762 [Test worker] DEBUG o.s.t.c.s.DependencyInjectionTestExecutionListener - Performing dependency injection for test context [[DefaultTestContext@4456044 testClass = HarvardWeCodeApplicationTests, testInstance = harvardWeCode.HarvardWeCodeApplicationTests@73f03610, testMethod = [null], testException = [null], mergedContextConfiguration = [MergedContextConfiguration@51410b41 testClass = HarvardWeCodeApplicationTests, locations = '{}', classes = '{class harvardWeCode.HarvardWeCodeApplication}', contextInitializerClasses = '[]', activeProfiles = '{}', propertySourceLocations = '{}', propertySourceProperties = '{}', contextLoader = 'org.springframework.boot.test.SpringApplicationContextLoader', parent = [null]]]].
13:29:55.826 [Test worker] DEBUG o.s.core.env.StandardEnvironment - Adding [systemProperties] PropertySource with lowest search precedence
13:29:55.829 [Test worker] DEBUG o.s.core.env.StandardEnvironment - Adding [systemEnvironment] PropertySource with lowest search precedence
13:29:55.829 [Test worker] DEBUG o.s.core.env.StandardEnvironment - Initialized StandardEnvironment with PropertySources [systemProperties,systemEnvironment]
13:29:55.831 [Test worker] DEBUG o.s.core.env.StandardEnvironment - Adding [integrationTest] PropertySource with search precedence immediately lower than [systemEnvironment]

  .   ____          _            __ _ _
 /\\ / ___'_ __ _ _(_)_ __  __ _ \ \ \ \
( ( )\___ | '_ | '_| | '_ \/ _` | \ \ \ \
 \\/  ___)| |_)| | | | | || (_| |  ) ) ) )
  '  |____| .__|_| |_|_| |_\__, | / / / /
 =========|_|==============|___/=/_/_/_/
 :: Spring Boot ::        (v1.2.1.RELEASE)

2015-02-05 13:29:56.017  INFO 19497 --- [    Test worker] o.s.boot.SpringApplication               : Starting application on MollysMac.local with PID 19497 (/Users/thoughtworker/.gradle/caches/modules-2/files-2.1/org.springframework.boot/spring-boot/1.2.1.RELEASE/efe81809343f4fca576ea872eb6a269599ebb1d0/spring-boot-1.2.1.RELEASE.jar started by thoughtworker in /Users/thoughtworker/Documents/work/notWork/harvard_we_code_workshop)
2015-02-05 13:29:56.052  INFO 19497 --- [    Test worker] s.c.a.AnnotationConfigApplicationContext : Refreshing org.springframework.context.annotation.AnnotationConfigApplicationContext@5d7eaa26: startup date [Thu Feb 05 13:29:56 CST 2015]; root of context hierarchy
2015-02-05 13:29:57.386  INFO 19497 --- [    Test worker] o.s.boot.SpringApplication               : Started application in 1.553 seconds (JVM running for 2.476)
]]></system-out>
  <system-err><![CDATA[]]></system-err>
</testsuite>
